<?xml version="1.0" encoding="UTF-8"?>
<testsuite xmlns:xsi="http://www.w3.org/2001/XMLSchema-instance" xsi:noNamespaceSchemaLocation="https://maven.apache.org/surefire/maven-surefire-plugin/xsd/surefire-test-report-3.0.xsd" version="3.0" name="org.acme.hibernate.orm.panache.FruitsEndpointTest" time="7.401" tests="3" errors="0" skipped="0" failures="0">
  <properties>
[...]
</properties>
  <testcase name="testEntityNotFoundForDelete" classname="org.acme.hibernate.orm.panache.FruitsEndpointTest" time="0.597">
    <system-out><![CDATA[Downloading from central: https://repo.maven.apache.org/maven2/io/quarkus/quarkus-hibernate-reactive-panache-deployment/2.16.2.Final/quarkus-hibernate-reactive-panache-deployment-2.16.2.Final.pom
Progress (1): quarkus-hibernate-reactive-panache-deployment-2.16.2.Final.pom (2.7/9.1 kB)Progress (1): quarkus-hibernate-reactive-panache-deployment-2.16.2.Final.pom (5.5/9.1 kB)Progress (1): quarkus-hibernate-reactive-panache-deployment-2.16.2.Final.pom (8.2/9.1 kB)Progress (1): quarkus-hibernate-reactive-panache-deployment-2.16.2.Final.pom (9.1 kB)                                                                                         Downloaded from central: https://repo.maven.apache.org/maven2/io/quarkus/quarkus-hibernate-reactive-panache-deployment/2.16.2.Final/quarkus-hibernate-reactive-panache-deployment-2.16.2.Final.pom (9.1 kB at 39 kB/s)
Downloading from central: https://repo.maven.apache.org/maven2/io/quarkus/quarkus-hibernate-reactive-panache-common-deployment/2.16.2.Final/quarkus-hibernate-reactive-panache-common-deployment-2.16.2.Final.pom
Progress (1): quarkus-hibernate-reactive-panache-common-deployment-2.16.2.Final.pom (2.7/3.0 kB)Progress (1): quarkus-hibernate-reactive-panache-common-deployment-2.16.2.Final.pom (3.0 kB)                                                                                                Downloaded from central: https://repo.maven.apache.org/maven2/io/quarkus/quarkus-hibernate-reactive-panache-common-deployment/2.16.2.Final/quarkus-hibernate-reactive-panache-common-deployment-2.16.2.Final.pom (3.0 kB at 72 kB/s)
Downloading from central: https://repo.maven.apache.org/maven2/io/quarkus/quarkus-hibernate-reactive-deployment/2.16.2.Final/quarkus-hibernate-reactive-deployment-2.16.2.Final.pom
Progress (1): quarkus-hibernate-reactive-deployment-2.16.2.Final.pom (2.7/9.8 kB)Progress (1): quarkus-hibernate-reactive-deployment-2.16.2.Final.pom (5.5/9.8 kB)Progress (1): quarkus-hibernate-reactive-deployment-2.16.2.Final.pom (8.2/9.8 kB)Progress (1): quarkus-hibernate-reactive-deployment-2.16.2.Final.pom (9.8 kB)                                                                                 Downloaded from central: https://repo.maven.apache.org/maven2/io/quarkus/quarkus-hibernate-reactive-deployment/2.16.2.Final/quarkus-hibernate-reactive-deployment-2.16.2.Final.pom (9.8 kB at 239 kB/s)
Downloading from central: https://repo.maven.apache.org/maven2/io/quarkus/quarkus-reactive-datasource-deployment/2.16.2.Final/quarkus-reactive-datasource-deployment-2.16.2.Final.pom
Progress (1): quarkus-reactive-datasource-deployment-2.16.2.Final.pom (1.9 kB)                                                                              Downloaded from central: https://repo.maven.apache.org/maven2/io/quarkus/quarkus-reactive-datasource-deployment/2.16.2.Final/quarkus-reactive-datasource-deployment-2.16.2.Final.pom (1.9 kB at 40 kB/s)
Downloading from central: https://repo.maven.apache.org/maven2/io/quarkus/quarkus-reactive-pg-client-deployment/2.16.2.Final/quarkus-reactive-pg-client-deployment-2.16.2.Final.pom
Progress (1): quarkus-reactive-pg-client-deployment-2.16.2.Final.pom (2.7/8.3 kB)Progress (1): quarkus-reactive-pg-client-deployment-2.16.2.Final.pom (5.5/8.3 kB)Progress (1): quarkus-reactive-pg-client-deployment-2.16.2.Final.pom (8.2/8.3 kB)Progress (1): quarkus-reactive-pg-client-deployment-2.16.2.Final.pom (8.3 kB)                                                                                 Downloaded from central: https://repo.maven.apache.org/maven2/io/quarkus/quarkus-reactive-pg-client-deployment/2.16.2.Final/quarkus-reactive-pg-client-deployment-2.16.2.Final.pom (8.3 kB at 162 kB/s)
Downloading from central: https://repo.maven.apache.org/maven2/io/quarkus/quarkus-hibernate-reactive-deployment/2.16.2.Final/quarkus-hibernate-reactive-deployment-2.16.2.Final.jar
Progress (1): quarkus-hibernate-reactive-deployment-2.16.2.Final.jar (2.7/17 kB)Progress (1): quarkus-hibernate-reactive-deployment-2.16.2.Final.jar (5.5/17 kB)Progress (1): quarkus-hibernate-reactive-deployment-2.16.2.Final.jar (8.2/17 kB)Progress (1): quarkus-hibernate-reactive-deployment-2.16.2.Final.jar (11/17 kB) Progress (1): quarkus-hibernate-reactive-deployment-2.16.2.Final.jar (14/17 kB)Progress (1): quarkus-hibernate-reactive-deployment-2.16.2.Final.jar (16/17 kB)Progress (1): quarkus-hibernate-reactive-deployment-2.16.2.Final.jar (17 kB)                                                                               Downloaded from central: https://repo.maven.apache.org/maven2/io/quarkus/quarkus-hibernate-reactive-deployment/2.16.2.Final/quarkus-hibernate-reactive-deployment-2.16.2.Final.jar (17 kB at 295 kB/s)
Downloading from central: https://repo.maven.apache.org/maven2/io/quarkus/quarkus-hibernate-reactive-panache-common-deployment/2.16.2.Final/quarkus-hibernate-reactive-panache-common-deployment-2.16.2.Final.jar
Progress (1): quarkus-hibernate-reactive-panache-common-deployment-2.16.2.Final.jar (2.7/8.6 kB)Progress (1): quarkus-hibernate-reactive-panache-common-deployment-2.16.2.Final.jar (5.5/8.6 kB)Progress (1): quarkus-hibernate-reactive-panache-common-deployment-2.16.2.Final.jar (8.2/8.6 kB)Progress (1): quarkus-hibernate-reactive-panache-common-deployment-2.16.2.Final.jar (8.6 kB)                                                                                                Downloaded from central: https://repo.maven.apache.org/maven2/io/quarkus/quarkus-hibernate-reactive-panache-common-deployment/2.16.2.Final/quarkus-hibernate-reactive-panache-common-deployment-2.16.2.Final.jar (8.6 kB at 196 kB/s)
Downloading from central: https://repo.maven.apache.org/maven2/io/quarkus/quarkus-hibernate-reactive-panache-deployment/2.16.2.Final/quarkus-hibernate-reactive-panache-deployment-2.16.2.Final.jar
Progress (1): quarkus-hibernate-reactive-panache-deployment-2.16.2.Final.jar (4.1/13 kB)Progress (1): quarkus-hibernate-reactive-panache-deployment-2.16.2.Final.jar (8.2/13 kB)Progress (1): quarkus-hibernate-reactive-panache-deployment-2.16.2.Final.jar (12/13 kB) Progress (1): quarkus-hibernate-reactive-panache-deployment-2.16.2.Final.jar (13 kB)                                                                                       Downloaded from central: https://repo.maven.apache.org/maven2/io/quarkus/quarkus-hibernate-reactive-panache-deployment/2.16.2.Final/quarkus-hibernate-reactive-panache-deployment-2.16.2.Final.jar (13 kB at 279 kB/s)
Downloading from central: https://repo.maven.apache.org/maven2/io/quarkus/quarkus-reactive-datasource-deployment/2.16.2.Final/quarkus-reactive-datasource-deployment-2.16.2.Final.jar
Progress (1): quarkus-reactive-datasource-deployment-2.16.2.Final.jar (4.1/5.4 kB)Progress (1): quarkus-reactive-datasource-deployment-2.16.2.Final.jar (5.4 kB)                                                                                  Downloaded from central: https://repo.maven.apache.org/maven2/io/quarkus/quarkus-reactive-datasource-deployment/2.16.2.Final/quarkus-reactive-datasource-deployment-2.16.2.Final.jar (5.4 kB at 133 kB/s)
Downloading from central: https://repo.maven.apache.org/maven2/io/quarkus/quarkus-reactive-pg-client-deployment/2.16.2.Final/quarkus-reactive-pg-client-deployment-2.16.2.Final.jar
Progress (1): quarkus-reactive-pg-client-deployment-2.16.2.Final.jar (4.1/11 kB)Progress (1): quarkus-reactive-pg-client-deployment-2.16.2.Final.jar (8.2/11 kB)Progress (1): quarkus-reactive-pg-client-deployment-2.16.2.Final.jar (11 kB)                                                                                Downloaded from central: https://repo.maven.apache.org/maven2/io/quarkus/quarkus-reactive-pg-client-deployment/2.16.2.Final/quarkus-reactive-pg-client-deployment-2.16.2.Final.jar (11 kB at 251 kB/s)
2023-02-13 14:21:17,380 INFO  [org.tes.doc.DockerClientProviderStrategy] (build-26) Loaded org.testcontainers.dockerclient.UnixSocketClientProviderStrategy from ~/.testcontainers.properties, will try it first
2023-02-13 14:21:17,600 INFO  [org.tes.doc.DockerClientProviderStrategy] (build-26) Found Docker environment with local Unix socket (unix:///var/run/docker.sock)
2023-02-13 14:21:17,601 INFO  [org.tes.DockerClientFactory] (build-26) Docker host IP address is localhost
2023-02-13 14:21:17,625 INFO  [org.tes.DockerClientFactory] (build-26) Connected to docker: 
  Server Version: 20.10.21
  API Version: 1.41
  Operating System: Docker Desktop
  Total Memory: 19987 MB
2023-02-13 14:21:17,631 INFO  [org.tes.uti.ImageNameSubstitutor] (build-26) Image name substitution will be performed by: DefaultImageNameSubstitutor (composite of 'ConfigurationFileImageNameSubstitutor' and 'PrefixingImageNameSubstitutor')
2023-02-13 14:21:17,632 INFO  [org.tes.DockerClientFactory] (build-26) Checking the system...
2023-02-13 14:21:17,632 INFO  [org.tes.DockerClientFactory] (build-26) ✔︎ Docker server version should be at least 1.6.0
2023-02-13 14:21:17,670 INFO  [🐳 .io/postgres:14]] (build-26) Creating container for image: docker.io/postgres:14
2023-02-13 14:21:18,080 INFO  [org.tes.uti.RegistryAuthLocator] (build-26) Credential helper/store (docker-credential-desktop) does not have credentials for docker.io
2023-02-13 14:21:18,085 WARN  [🐳 .io/postgres:14]] (build-26) Reuse was requested but the environment does not support the reuse of containers
To enable reuse of containers, you must set 'testcontainers.reuse.enable=true' in a file located at /Users/andreas.hansen/.testcontainers.properties
2023-02-13 14:21:18,086 INFO  [🐳 .3.4]] (build-26) Creating container for image: testcontainers/ryuk:0.3.4
2023-02-13 14:21:18,346 INFO  [🐳 .3.4]] (build-26) Container testcontainers/ryuk:0.3.4 is starting: 5e7cac3765774c31ed65d792b2fcfc0b41b3a5abeb5ca5ef2499a3d28274602b
2023-02-13 14:21:18,574 INFO  [🐳 .3.4]] (build-26) Container testcontainers/ryuk:0.3.4 started in PT0.488134S
2023-02-13 14:21:18,596 INFO  [🐳 .io/postgres:14]] (build-26) Container docker.io/postgres:14 is starting: 044c68b1d500884b0ae7267dbabbf18089e2a82245d886500c9be9541c023de0
2023-02-13 14:21:19,538 INFO  [🐳 .io/postgres:14]] (build-26) Container docker.io/postgres:14 started in PT1.90148S
2023-02-13 14:21:19,538 INFO  [io.qua.dev.pos.dep.PostgresqlDevServicesProcessor] (build-26) Dev Services for PostgreSQL started.
2023-02-13 14:21:19,540 INFO  [io.qua.dat.dep.dev.DevServicesDatasourceProcessor] (build-26) Dev Services for the default datasource (postgresql) started - container ID is 044c68b1d500
2023-02-13 14:21:20,087 INFO  [org.hib.rea.pro.imp.ReactiveIntegrator] (JPA Startup Thread) HR000001: Hibernate Reactive
Hibernate: 
    drop table if exists Fruit cascade
2023-02-13 14:21:20,242 WARN  [io.ver.sql.imp.SocketConnectionBase] (vert.x-eventloop-thread-0) Backend notice: severity='NOTICE', code='00000', message='table "fruit" does not exist, skipping', detail='null', hint='null', position='null', internalPosition='null', internalQuery='null', where='null', file='tablecmds.c', line='1272', routine='DropErrorMsgNonExistent', schema='null', table='null', column='null', dataType='null', constraint='null'
Hibernate: 
    drop sequence if exists hibernate_sequence
2023-02-13 14:21:20,245 WARN  [io.ver.sql.imp.SocketConnectionBase] (vert.x-eventloop-thread-0) Backend notice: severity='NOTICE', code='00000', message='sequence "hibernate_sequence" does not exist, skipping', detail='null', hint='null', position='null', internalPosition='null', internalQuery='null', where='null', file='tablecmds.c', line='1272', routine='DropErrorMsgNonExistent', schema='null', table='null', column='null', dataType='null', constraint='null'
Hibernate: 
    drop table if exists Fruit cascade
2023-02-13 14:21:20,260 WARN  [io.ver.sql.imp.SocketConnectionBase] (vert.x-eventloop-thread-0) Backend notice: severity='NOTICE', code='00000', message='table "fruit" does not exist, skipping', detail='null', hint='null', position='null', internalPosition='null', internalQuery='null', where='null', file='tablecmds.c', line='1272', routine='DropErrorMsgNonExistent', schema='null', table='null', column='null', dataType='null', constraint='null'
Hibernate: 
    drop sequence if exists hibernate_sequence
2023-02-13 14:21:20,263 WARN  [io.ver.sql.imp.SocketConnectionBase] (vert.x-eventloop-thread-0) Backend notice: severity='NOTICE', code='00000', message='sequence "hibernate_sequence" does not exist, skipping', detail='null', hint='null', position='null', internalPosition='null', internalQuery='null', where='null', file='tablecmds.c', line='1272', routine='DropErrorMsgNonExistent', schema='null', table='null', column='null', dataType='null', constraint='null'
Hibernate: 
    create sequence hibernate_sequence start 1 increment 1
Hibernate: 
    create table Fruit (
       id int8 not null,
        name varchar(40),
        primary key (id)
    )
Hibernate: 
    alter table if exists Fruit 
       add constraint UK_qn1mp5t3oovyl0h02glapi2iv unique (name)
Hibernate: 
    INSERT 
    INTO
        fruit
        (id, name) 
    VALUES
        (nextval('hibernate_sequence'), 'Cherry')
Hibernate: 
    INSERT 
    INTO
        fruit
        (id, name) 
    VALUES
        (nextval('hibernate_sequence'), 'Apple')
Hibernate: 
    INSERT 
    INTO
        fruit
        (id, name) 
    VALUES
        (nextval('hibernate_sequence'), 'Banana')
2023-02-13 14:21:20,304 INFO  [io.quarkus] (main) hibernate-reactive-panache-quickstart 1.0.0-SNAPSHOT on JVM (powered by Quarkus 2.16.2.Final) started in 3.535s. Listening on: http://localhost:8081
2023-02-13 14:21:20,304 INFO  [io.quarkus] (main) Profile test activated. 
2023-02-13 14:21:20,305 INFO  [io.quarkus] (main) Installed features: [cdi, hibernate-orm, hibernate-reactive, hibernate-reactive-panache, reactive-pg-client, resteasy-reactive, resteasy-reactive-jackson, smallrye-context-propagation, vertx]
Hibernate: 
    select
        fruit0_.id as id1_0_0_,
        fruit0_.name as name2_0_0_ 
    from
        Fruit fruit0_ 
    where
        fruit0_.id=$1
]]></system-out>
  </testcase>
  <testcase name="testEntityNotFoundForUpdate" classname="org.acme.hibernate.orm.panache.FruitsEndpointTest" time="0.074">
    <system-out><![CDATA[Hibernate: 
    select
        fruit0_.id as id1_0_0_,
        fruit0_.name as name2_0_0_ 
    from
        Fruit fruit0_ 
    where
        fruit0_.id=$1
]]></system-out>
  </testcase>
  <testcase name="testListAllFruits" classname="org.acme.hibernate.orm.panache.FruitsEndpointTest" time="0.434">
    <system-out><![CDATA[Hibernate: 
    select
        fruit0_.id as id1_0_,
        fruit0_.name as name2_0_ 
    from
        Fruit fruit0_ 
    order by
        fruit0_.name
Hibernate: 
    update
        Fruit 
    set
        name=$1 
    where
        id=$2
Hibernate: 
    select
        fruit0_.id as id1_0_,
        fruit0_.name as name2_0_ 
    from
        Fruit fruit0_ 
    order by
        fruit0_.name
Hibernate: 
    select
        fruit0_.id as id1_0_0_,
        fruit0_.name as name2_0_0_ 
    from
        Fruit fruit0_ 
    where
        fruit0_.id=$1
Hibernate: 
    delete 
    from
        Fruit 
    where
        id=$1
Hibernate: 
    select
        fruit0_.id as id1_0_,
        fruit0_.name as name2_0_ 
    from
        Fruit fruit0_ 
    order by
        fruit0_.name
Hibernate: 
    select
        nextval ('hibernate_sequence')
Hibernate: 
    insert 
    into
        Fruit
        (name, id) 
    values
        ($1, $2)
Hibernate: 
    select
        fruit0_.id as id1_0_,
        fruit0_.name as name2_0_ 
    from
        Fruit fruit0_ 
    order by
        fruit0_.name
]]></system-out>
  </testcase>
</testsuite>